Using pre-set license
Built from '2020.3/staging' branch; Version is '2020.3.0f1 (c7b5465681fb) revision 13088070'; Using compiler version '192528614'; Build Type 'Release'
OS: 'Windows 10 Home Single Language; OS build 19042.985; Version 2009; 64bit' Language: 'en' Physical Memory: 7037 MB
BatchMode: 1, IsHumanControllingUs: 0, StartBugReporterOnCrash: 0, Is64bit: 1, IsPro: 0

 COMMAND LINE ARGUMENTS:
C:\Program Files\Unity\Hub\Editor\2020.3.0f1\Editor\Unity.exe
-adb2
-batchMode
-noUpm
-name
AssetImportWorker0
-projectPath
C:/Users/Michael Freddy/Documents/Scratch Place/Pemrograman-Game-main
-logFile
Logs/AssetImportWorker0.log
-srvPort
1285
Successfully changed project path to: C:/Users/Michael Freddy/Documents/Scratch Place/Pemrograman-Game-main
C:/Users/Michael Freddy/Documents/Scratch Place/Pemrograman-Game-main
Using Asset Import Pipeline V2.
Refreshing native plugins compatible for Editor in 23.53 ms, found 0 plugins.
Preloading 0 native plugins for Editor in 0.00 ms.
Initialize engine version: 2020.3.0f1 (c7b5465681fb)
[Subsystems] Discovering subsystems at path C:/Program Files/Unity/Hub/Editor/2020.3.0f1/Editor/Data/Resources/UnitySubsystems
[Subsystems] Discovering subsystems at path C:/Users/Michael Freddy/Documents/Scratch Place/Pemrograman-Game-main/Assets
GfxDevice: creating device client; threaded=0
Direct3D:
    Version:  Direct3D 11.0 [level 11.1]
    Renderer: AMD Radeon(TM) Graphics (ID=0x1636)
    Vendor:   
    VRAM:     3518 MB
    Driver:   27.20.11028.10001
Initialize mono
Mono path[0] = 'C:/Program Files/Unity/Hub/Editor/2020.3.0f1/Editor/Data/Managed'
Mono path[1] = 'C:/Program Files/Unity/Hub/Editor/2020.3.0f1/Editor/Data/MonoBleedingEdge/lib/mono/unityjit'
Mono config path = 'C:/Program Files/Unity/Hub/Editor/2020.3.0f1/Editor/Data/MonoBleedingEdge/etc'
Using monoOptions --debugger-agent=transport=dt_socket,embedding=1,server=y,suspend=n,address=127.0.0.1:56248
Begin MonoManager ReloadAssembly
Registering precompiled unity dll's ...
Register platform support module: C:/Program Files/Unity/Hub/Editor/2020.3.0f1/Editor/Data/PlaybackEngines/WindowsStandaloneSupport/UnityEditor.WindowsStandalone.Extensions.dll
Registered in 0.001728 seconds.
Native extension for WindowsStandalone target not found
Refreshing native plugins compatible for Editor in 21.55 ms, found 0 plugins.
Preloading 0 native plugins for Editor in 0.00 ms.
Invoked RoslynAnalysisRunner static constructor.
RoslynAnalysisRunner will not be running.
RoslynAnalysisRunner has terminated.
Mono: successfully reloaded assembly
- Completed reload, in  0.952 seconds
Platform modules already initialized, skipping
Registering precompiled user dll's ...
Registered in 0.000702 seconds.
Begin MonoManager ReloadAssembly
Native extension for WindowsStandalone target not found
Refreshing native plugins compatible for Editor in 0.26 ms, found 0 plugins.
Preloading 0 native plugins for Editor in 0.00 ms.
Invoked RoslynAnalysisRunner static constructor.
RoslynAnalysisRunner will not be running.
RoslynAnalysisRunner has terminated.
Mono: successfully reloaded assembly
- Completed reload, in  0.744 seconds
Platform modules already initialized, skipping
========================================================================
Worker process is ready to serve import requests
Launched and connected shader compiler UnityShaderCompiler.exe after 0.09 seconds
Refreshing native plugins compatible for Editor in 0.28 ms, found 0 plugins.
Preloading 0 native plugins for Editor in 0.00 ms.
Unloading 1125 Unused Serialized files (Serialized files now loaded: 0)
System memory in use before: 58.3 MB.
System memory in use after: 58.4 MB.

Unloading 9 unused Assets to reduce memory usage. Loaded Objects now: 1573.
Total: 2.083500 ms (FindLiveObjects: 0.389100 ms CreateObjectMapping: 0.069800 ms MarkObjects: 1.552100 ms  DeleteObjects: 0.069900 ms)

========================================================================
Received Import Request.
  path: Assets/Models/Animation/Warrior Controller.controller
  artifactKey: Guid(bcad9b59dedb1144da5db93704d1e330) Importer(815301076,1909f56bfc062723c751e8b465ee728b)
Start importing Assets/Models/Animation/Warrior Controller.controller using Guid(bcad9b59dedb1144da5db93704d1e330) Importer(815301076,1909f56bfc062723c751e8b465ee728b)  -> (artifact id: '3d42b0881c4021d140a4c886ec1f48e2') in 0.070775 seconds
  Import took 0.074292 seconds .

========================================================================
Received Prepare
Registering precompiled user dll's ...
Registered in 0.001117 seconds.
Begin MonoManager ReloadAssembly
Native extension for WindowsStandalone target not found
Refreshing native plugins compatible for Editor in 0.25 ms, found 0 plugins.
Preloading 0 native plugins for Editor in 0.00 ms.
Invoked RoslynAnalysisRunner static constructor.
RoslynAnalysisRunner will not be running.
RoslynAnalysisRunner has terminated.
Mono: successfully reloaded assembly
- Completed reload, in  0.710 seconds
Platform modules already initialized, skipping
Refreshing native plugins compatible for Editor in 0.25 ms, found 0 plugins.
Preloading 0 native plugins for Editor in 0.00 ms.
Unloading 1118 Unused Serialized files (Serialized files now loaded: 0)
System memory in use before: 58.1 MB.
System memory in use after: 58.2 MB.

Unloading 4 unused Assets to reduce memory usage. Loaded Objects now: 1576.
Total: 1.935700 ms (FindLiveObjects: 0.198900 ms CreateObjectMapping: 0.074500 ms MarkObjects: 1.642600 ms  DeleteObjects: 0.017800 ms)

========================================================================
Received Prepare
Registering precompiled user dll's ...
Registered in 0.000689 seconds.
Begin MonoManager ReloadAssembly
Native extension for WindowsStandalone target not found
Refreshing native plugins compatible for Editor in 0.26 ms, found 0 plugins.
Preloading 0 native plugins for Editor in 0.00 ms.
Invoked RoslynAnalysisRunner static constructor.
RoslynAnalysisRunner will not be running.
RoslynAnalysisRunner has terminated.
Mono: successfully reloaded assembly
- Completed reload, in  0.708 seconds
Platform modules already initialized, skipping
Refreshing native plugins compatible for Editor in 0.25 ms, found 0 plugins.
Preloading 0 native plugins for Editor in 0.00 ms.
Unloading 1118 Unused Serialized files (Serialized files now loaded: 0)
System memory in use before: 58.1 MB.
System memory in use after: 58.2 MB.

Unloading 4 unused Assets to reduce memory usage. Loaded Objects now: 1579.
Total: 2.047900 ms (FindLiveObjects: 0.250300 ms CreateObjectMapping: 0.066600 ms MarkObjects: 1.711200 ms  DeleteObjects: 0.017800 ms)

========================================================================
Received Prepare
Registering precompiled user dll's ...
Registered in 0.000724 seconds.
Begin MonoManager ReloadAssembly
Native extension for WindowsStandalone target not found
Refreshing native plugins compatible for Editor in 0.25 ms, found 0 plugins.
Preloading 0 native plugins for Editor in 0.00 ms.
Invoked RoslynAnalysisRunner static constructor.
RoslynAnalysisRunner will not be running.
RoslynAnalysisRunner has terminated.
Mono: successfully reloaded assembly
- Completed reload, in  0.698 seconds
Platform modules already initialized, skipping
Refreshing native plugins compatible for Editor in 0.27 ms, found 0 plugins.
Preloading 0 native plugins for Editor in 0.00 ms.
Unloading 1119 Unused Serialized files (Serialized files now loaded: 0)
System memory in use before: 58.1 MB.
System memory in use after: 58.2 MB.

Unloading 4 unused Assets to reduce memory usage. Loaded Objects now: 1583.
Total: 1.662000 ms (FindLiveObjects: 0.166500 ms CreateObjectMapping: 0.026900 ms MarkObjects: 1.448600 ms  DeleteObjects: 0.018500 ms)

========================================================================
Received Prepare
Registering precompiled user dll's ...
Registered in 0.000738 seconds.
Begin MonoManager ReloadAssembly
Native extension for WindowsStandalone target not found
Refreshing native plugins compatible for Editor in 0.25 ms, found 0 plugins.
Preloading 0 native plugins for Editor in 0.00 ms.
Invoked RoslynAnalysisRunner static constructor.
RoslynAnalysisRunner will not be running.
RoslynAnalysisRunner has terminated.
Mono: successfully reloaded assembly
- Completed reload, in  0.687 seconds
Platform modules already initialized, skipping
Refreshing native plugins compatible for Editor in 0.25 ms, found 0 plugins.
Preloading 0 native plugins for Editor in 0.00 ms.
Unloading 1119 Unused Serialized files (Serialized files now loaded: 0)
System memory in use before: 58.2 MB.
System memory in use after: 58.3 MB.

Unloading 4 unused Assets to reduce memory usage. Loaded Objects now: 1586.
Total: 2.774400 ms (FindLiveObjects: 0.461500 ms CreateObjectMapping: 0.140000 ms MarkObjects: 2.151100 ms  DeleteObjects: 0.019500 ms)

========================================================================
Received Import Request.
  Time since last request: 1045.534557 seconds.
  path: Assets/Scenes/MainMenu.unity
  artifactKey: Guid(3c68d0576066c1545b9eb88b28140b34) Importer(815301076,1909f56bfc062723c751e8b465ee728b)
Start importing Assets/Scenes/MainMenu.unity using Guid(3c68d0576066c1545b9eb88b28140b34) Importer(815301076,1909f56bfc062723c751e8b465ee728b)  -> (artifact id: '8ef8ef35ce6e1d17ec38f9f848cbd999') in 0.020773 seconds
  Import took 0.024374 seconds .

========================================================================
Received Import Request.
  Time since last request: 19.555741 seconds.
  path: Assets/Scenes/GamePlay
  artifactKey: Guid(2dd581b139ec9c046a1608e52d929255) Importer(815301076,1909f56bfc062723c751e8b465ee728b)
Start importing Assets/Scenes/GamePlay using Guid(2dd581b139ec9c046a1608e52d929255) Importer(815301076,1909f56bfc062723c751e8b465ee728b)  -> (artifact id: '099334145f0dc23efa4085d879aa991e') in 0.045478 seconds
  Import took 0.048219 seconds .

========================================================================
Received Import Request.
  Time since last request: 166.147763 seconds.
  path: Assets/Scripts/MenuControl.cs
  artifactKey: Guid(531cacc1dbb3ba7479fad07d6f63a3d4) Importer(815301076,1909f56bfc062723c751e8b465ee728b)
Start importing Assets/Scripts/MenuControl.cs using Guid(531cacc1dbb3ba7479fad07d6f63a3d4) Importer(815301076,1909f56bfc062723c751e8b465ee728b)  -> (artifact id: 'ee6532276bf4f130d93ff4b2fbafbcdb') in 0.014047 seconds
  Import took 0.018017 seconds .

========================================================================
Received Import Request.
  Time since last request: 52.831955 seconds.
  path: Assets/Scenes/GamePlay.unity
  artifactKey: Guid(9fc0d4010bbf28b4594072e72b8655ab) Importer(815301076,1909f56bfc062723c751e8b465ee728b)
Start importing Assets/Scenes/GamePlay.unity using Guid(9fc0d4010bbf28b4594072e72b8655ab) Importer(815301076,1909f56bfc062723c751e8b465ee728b)  -> (artifact id: 'cae2abf524bcaee04e18f5a6ccfcc084') in 0.009384 seconds
  Import took 0.042028 seconds .

========================================================================
Received Import Request.
  Time since last request: 32.891175 seconds.
  path: Assets/Scenes/GamePlaySettings.lighting
  artifactKey: Guid(d4a8c16edfa9cf64aa8999dc55815993) Importer(815301076,1909f56bfc062723c751e8b465ee728b)
Start importing Assets/Scenes/GamePlaySettings.lighting using Guid(d4a8c16edfa9cf64aa8999dc55815993) Importer(815301076,1909f56bfc062723c751e8b465ee728b)  -> (artifact id: '79e94c603a7fd1f284e76bc37b9aa1b3') in 0.012837 seconds
  Import took 0.015900 seconds .

========================================================================
Received Import Request.
  Time since last request: 0.001171 seconds.
  path: Assets/Scenes/GamePlaySettings.lighting
  artifactKey: Guid(d4a8c16edfa9cf64aa8999dc55815993) Importer(815301076,1909f56bfc062723c751e8b465ee728b)
Start importing Assets/Scenes/GamePlaySettings.lighting using Guid(d4a8c16edfa9cf64aa8999dc55815993) Importer(815301076,1909f56bfc062723c751e8b465ee728b)  -> (artifact id: '79e94c603a7fd1f284e76bc37b9aa1b3') in 0.002980 seconds
  Import took 0.006303 seconds .

========================================================================
Received Import Request.
  Time since last request: 42.334392 seconds.
  path: Assets/Scenes/Level1.unity
  artifactKey: Guid(9fc0d4010bbf28b4594072e72b8655ab) Importer(815301076,1909f56bfc062723c751e8b465ee728b)
Start importing Assets/Scenes/Level1.unity using Guid(9fc0d4010bbf28b4594072e72b8655ab) Importer(815301076,1909f56bfc062723c751e8b465ee728b)  -> (artifact id: '6da234fb43be0863cfcbbe3a0e171b90') in 0.012179 seconds
  Import took 0.044708 seconds .

========================================================================
Received Import Request.
  Time since last request: 958.797137 seconds.
  path: Assets/UI/Health UI.png
  artifactKey: Guid(85ad1908592bdc64ea285896a812d98c) Importer(815301076,1909f56bfc062723c751e8b465ee728b)
Start importing Assets/UI/Health UI.png using Guid(85ad1908592bdc64ea285896a812d98c) Importer(815301076,1909f56bfc062723c751e8b465ee728b)  -> (artifact id: '7db8ca0bf30c05cff2481094212af1e7') in 0.104339 seconds
  Import took 0.107734 seconds .

========================================================================
Received Import Request.
  Time since last request: 33.222574 seconds.
  path: Assets/Prefabs
  artifactKey: Guid(30ae1046e80975a4e80bfadd56470627) Importer(815301076,1909f56bfc062723c751e8b465ee728b)
Start importing Assets/Prefabs using Guid(30ae1046e80975a4e80bfadd56470627) Importer(815301076,1909f56bfc062723c751e8b465ee728b)  -> (artifact id: '7b4ee3eb0edde0a795b78664fb10de32') in 0.009499 seconds
  Import took 0.011858 seconds .

========================================================================
Received Prepare
Registering precompiled user dll's ...
Registered in 0.000878 seconds.
Begin MonoManager ReloadAssembly
Native extension for WindowsStandalone target not found
Refreshing native plugins compatible for Editor in 0.25 ms, found 0 plugins.
Preloading 0 native plugins for Editor in 0.00 ms.
Invoked RoslynAnalysisRunner static constructor.
RoslynAnalysisRunner will not be running.
RoslynAnalysisRunner has terminated.
Mono: successfully reloaded assembly
- Completed reload, in  0.743 seconds
Platform modules already initialized, skipping
Refreshing native plugins compatible for Editor in 0.25 ms, found 0 plugins.
Preloading 0 native plugins for Editor in 0.00 ms.
Unloading 1119 Unused Serialized files (Serialized files now loaded: 0)
System memory in use before: 61.3 MB.
System memory in use after: 61.4 MB.

Unloading 4 unused Assets to reduce memory usage. Loaded Objects now: 1595.
Total: 1.780200 ms (FindLiveObjects: 0.195700 ms CreateObjectMapping: 0.029500 ms MarkObjects: 1.534100 ms  DeleteObjects: 0.018900 ms)

========================================================================
Received Import Request.
  Time since last request: 1202.045057 seconds.
  path: Assets/Models/Arena/Textures/6cfe6450.dds
  artifactKey: Guid(450db3a604352a4459033cf58747fdae) Importer(815301076,1909f56bfc062723c751e8b465ee728b)
Start importing Assets/Models/Arena/Textures/6cfe6450.dds using Guid(450db3a604352a4459033cf58747fdae) Importer(815301076,1909f56bfc062723c751e8b465ee728b)  -> (artifact id: 'b4941791c0e75491f117db68309166f7') in 0.052892 seconds
  Import took 0.056250 seconds .

========================================================================
Received Import Request.
  Time since last request: 0.000246 seconds.
  path: Assets/Models/Arena/Materials/6cfe6450.mat
  artifactKey: Guid(ba0e77d2940ce8c4d902c596932c0384) Importer(815301076,1909f56bfc062723c751e8b465ee728b)
Start importing Assets/Models/Arena/Materials/6cfe6450.mat using Guid(ba0e77d2940ce8c4d902c596932c0384) Importer(815301076,1909f56bfc062723c751e8b465ee728b)  -> (artifact id: '945dee5ee08552ed6e59b49df9da7adb') in 0.058277 seconds
  Import took 0.060689 seconds .

========================================================================
Received Import Request.
  Time since last request: 0.000441 seconds.
  path: Assets/Models/Arena/Textures/941aba02.dds
  artifactKey: Guid(bafa6bb64bd83194583cd8194437e310) Importer(815301076,1909f56bfc062723c751e8b465ee728b)
Start importing Assets/Models/Arena/Textures/941aba02.dds using Guid(bafa6bb64bd83194583cd8194437e310) Importer(815301076,1909f56bfc062723c751e8b465ee728b)  -> (artifact id: '3da9e6849d2c2fbaf37c4e4b369ca74f') in 0.016670 seconds
  Import took 0.018947 seconds .

========================================================================
Received Import Request.
  Time since last request: 0.000343 seconds.
  path: Assets/Models/Arena/Materials/6cfe6450.mat
  artifactKey: Guid(ba0e77d2940ce8c4d902c596932c0384) Importer(815301076,1909f56bfc062723c751e8b465ee728b)
Start importing Assets/Models/Arena/Materials/6cfe6450.mat using Guid(ba0e77d2940ce8c4d902c596932c0384) Importer(815301076,1909f56bfc062723c751e8b465ee728b)  -> (artifact id: '945dee5ee08552ed6e59b49df9da7adb') in 0.015941 seconds
  Import took 0.018444 seconds .

========================================================================
Received Import Request.
  Time since last request: 0.000227 seconds.
  path: Assets/Models/Arena/Materials/0013ff05.mat
  artifactKey: Guid(129fcf788fbf7fb418e2aba477bc620a) Importer(815301076,1909f56bfc062723c751e8b465ee728b)
Start importing Assets/Models/Arena/Materials/0013ff05.mat using Guid(129fcf788fbf7fb418e2aba477bc620a) Importer(815301076,1909f56bfc062723c751e8b465ee728b)  -> (artifact id: '1ce9df3da1f712f793041676da1d3bfd') in 0.023265 seconds
  Import took 0.026111 seconds .

========================================================================
Received Import Request.
  Time since last request: 0.000215 seconds.
  path: Assets/Models/Arena/Textures/6cfe6450.dds
  artifactKey: Guid(450db3a604352a4459033cf58747fdae) Importer(815301076,1909f56bfc062723c751e8b465ee728b)
Start importing Assets/Models/Arena/Textures/6cfe6450.dds using Guid(450db3a604352a4459033cf58747fdae) Importer(815301076,1909f56bfc062723c751e8b465ee728b)  -> (artifact id: 'b4941791c0e75491f117db68309166f7') in 0.015249 seconds
  Import took 0.017383 seconds .

========================================================================
Received Import Request.
  Time since last request: 0.000227 seconds.
  path: Assets/Models/Arena/Materials/941aba02.mat
  artifactKey: Guid(3184cdda29d70d443bfee37ce7212a21) Importer(815301076,1909f56bfc062723c751e8b465ee728b)
Start importing Assets/Models/Arena/Materials/941aba02.mat using Guid(3184cdda29d70d443bfee37ce7212a21) Importer(815301076,1909f56bfc062723c751e8b465ee728b)  -> (artifact id: '228008dbed86549cce555b5fb02f19bb') in 0.017381 seconds
  Import took 0.020746 seconds .

========================================================================
Received Import Request.
  Time since last request: 0.000231 seconds.
  path: Assets/Models/Arena/Textures/0013ff05.dds
  artifactKey: Guid(eaadf498526880f47903b843d9e3989f) Importer(815301076,1909f56bfc062723c751e8b465ee728b)
Start importing Assets/Models/Arena/Textures/0013ff05.dds using Guid(eaadf498526880f47903b843d9e3989f) Importer(815301076,1909f56bfc062723c751e8b465ee728b)  -> (artifact id: '1c450a6eba6741c0f27df4d2e5c4860e') in 0.012816 seconds
  Import took 0.014870 seconds .

========================================================================
Received Import Request.
  Time since last request: 12.315422 seconds.
  path: Assets/Models/Arena/Materials/499772d3.mat
  artifactKey: Guid(34619e41862f0ca44ac4756ffddf2df2) Importer(815301076,1909f56bfc062723c751e8b465ee728b)
Start importing Assets/Models/Arena/Materials/499772d3.mat using Guid(34619e41862f0ca44ac4756ffddf2df2) Importer(815301076,1909f56bfc062723c751e8b465ee728b)  -> (artifact id: '67abff4fa9ef864508338f6238f1b70d') in 0.044308 seconds
  Import took 0.055108 seconds .

========================================================================
Received Import Request.
  Time since last request: 0.000255 seconds.
  path: Assets/Models/Arena/Textures/499772d3.dds
  artifactKey: Guid(f77fbc946e6ed8a42a217442bf636dae) Importer(815301076,1909f56bfc062723c751e8b465ee728b)
Start importing Assets/Models/Arena/Textures/499772d3.dds using Guid(f77fbc946e6ed8a42a217442bf636dae) Importer(815301076,1909f56bfc062723c751e8b465ee728b)  -> (artifact id: '3900fcfb44b1400950ad5e3775dcba4e') in 0.015249 seconds
  Import took 0.017279 seconds .

========================================================================
Received Import Request.
  Time since last request: 0.044894 seconds.
  path: Assets/MobileDinosaurPack/3D_Meshes/Ankylosaurus.fbx
  artifactKey: Guid(b040ba9bb63c0154da4b0e1bc1b99ca8) Importer(815301076,1909f56bfc062723c751e8b465ee728b)
Start importing Assets/MobileDinosaurPack/3D_Meshes/Ankylosaurus.fbx using Guid(b040ba9bb63c0154da4b0e1bc1b99ca8) Importer(815301076,1909f56bfc062723c751e8b465ee728b)  -> (artifact id: 'b0e415ef764527bda1a2396538677285') in 0.148320 seconds
  Import took 0.151532 seconds .

========================================================================
Received Import Request.
  Time since last request: 0.413747 seconds.
  path: Assets/MobileDinosaurPack/2D_Textures/Ankylosaurus_Diffuse.psd
  artifactKey: Guid(9216378a0ec73dd45aab8453c3e970a3) Importer(815301076,1909f56bfc062723c751e8b465ee728b)
Start importing Assets/MobileDinosaurPack/2D_Textures/Ankylosaurus_Diffuse.psd using Guid(9216378a0ec73dd45aab8453c3e970a3) Importer(815301076,1909f56bfc062723c751e8b465ee728b)  -> (artifact id: '0e8e50ae4a4137799663aa50d509d0f5') in 0.046461 seconds
  Import took 0.049216 seconds .

========================================================================
Received Import Request.
  Time since last request: 0.000245 seconds.
  path: Assets/MobileDinosaurPack/3D_Meshes/Materials/Ankylosaurus_Diffuse.mat
  artifactKey: Guid(366afbec205a13d489cdc575c1eb251e) Importer(815301076,1909f56bfc062723c751e8b465ee728b)
Start importing Assets/MobileDinosaurPack/3D_Meshes/Materials/Ankylosaurus_Diffuse.mat using Guid(366afbec205a13d489cdc575c1eb251e) Importer(815301076,1909f56bfc062723c751e8b465ee728b)  -> (artifact id: '2a0450cd1c43891456aae91fa2cefd5b') in 0.018867 seconds
  Import took 0.021126 seconds .

========================================================================
Received Import Request.
  Time since last request: 0.019512 seconds.
  path: Assets/Sounds/Arena/arena_0.ogg
  artifactKey: Guid(5059731558bfd5941bb3f87582778b6a) Importer(815301076,1909f56bfc062723c751e8b465ee728b)
Start importing Assets/Sounds/Arena/arena_0.ogg using Guid(5059731558bfd5941bb3f87582778b6a) Importer(815301076,1909f56bfc062723c751e8b465ee728b)  -> (artifact id: '6bb292d1459aa095dfc4680e2e9ca561') in 0.049042 seconds
  Import took 0.051293 seconds .

========================================================================
Received Prepare
Registering precompiled user dll's ...
Registered in 0.000678 seconds.
Begin MonoManager ReloadAssembly
Native extension for WindowsStandalone target not found
Refreshing native plugins compatible for Editor in 0.25 ms, found 0 plugins.
Preloading 0 native plugins for Editor in 0.00 ms.
Invoked RoslynAnalysisRunner static constructor.
RoslynAnalysisRunner will not be running.
RoslynAnalysisRunner has terminated.
Mono: successfully reloaded assembly
- Completed reload, in  0.725 seconds
Platform modules already initialized, skipping
Refreshing native plugins compatible for Editor in 0.25 ms, found 0 plugins.
Preloading 0 native plugins for Editor in 0.00 ms.
Unloading 1120 Unused Serialized files (Serialized files now loaded: 0)
System memory in use before: 61.9 MB.
System memory in use after: 62.0 MB.

Unloading 4 unused Assets to reduce memory usage. Loaded Objects now: 1642.
Total: 1.972400 ms (FindLiveObjects: 0.461300 ms CreateObjectMapping: 0.058500 ms MarkObjects: 1.430100 ms  DeleteObjects: 0.018300 ms)

========================================================================
Received Import Request.
  Time since last request: 386.355777 seconds.
  path: Assets/Scripts/NewBehaviourScript.cs
  artifactKey: Guid(969940a096acb3a4ba7f5514c6c4769a) Importer(815301076,1909f56bfc062723c751e8b465ee728b)
Start importing Assets/Scripts/NewBehaviourScript.cs using Guid(969940a096acb3a4ba7f5514c6c4769a) Importer(815301076,1909f56bfc062723c751e8b465ee728b)  -> (artifact id: '6c8cb6a97d367783bb8c2bbc6a13c9f5') in 0.008444 seconds
  Import took 0.011227 seconds .

========================================================================
Received Import Request.
  Time since last request: 9.689267 seconds.
  path: Assets/Scripts/LevelNumber.cs
  artifactKey: Guid(969940a096acb3a4ba7f5514c6c4769a) Importer(815301076,1909f56bfc062723c751e8b465ee728b)
Start importing Assets/Scripts/LevelNumber.cs using Guid(969940a096acb3a4ba7f5514c6c4769a) Importer(815301076,1909f56bfc062723c751e8b465ee728b)  -> (artifact id: '2b16aa1d3b0a9ef5cf5c4e748cdf15d0') in 0.008155 seconds
  Import took 0.011094 seconds .

========================================================================
Received Prepare
Registering precompiled user dll's ...
Registered in 0.000682 seconds.
Begin MonoManager ReloadAssembly
Native extension for WindowsStandalone target not found
Refreshing native plugins compatible for Editor in 0.37 ms, found 0 plugins.
Preloading 0 native plugins for Editor in 0.00 ms.
Invoked RoslynAnalysisRunner static constructor.
RoslynAnalysisRunner will not be running.
RoslynAnalysisRunner has terminated.
Mono: successfully reloaded assembly
- Completed reload, in  0.693 seconds
Platform modules already initialized, skipping
Refreshing native plugins compatible for Editor in 0.25 ms, found 0 plugins.
Preloading 0 native plugins for Editor in 0.00 ms.
Unloading 1120 Unused Serialized files (Serialized files now loaded: 0)
System memory in use before: 61.9 MB.
System memory in use after: 62.0 MB.

Unloading 4 unused Assets to reduce memory usage. Loaded Objects now: 1645.
Total: 2.054300 ms (FindLiveObjects: 0.284800 ms CreateObjectMapping: 0.072200 ms MarkObjects: 1.676900 ms  DeleteObjects: 0.018100 ms)

========================================================================
Received Prepare
Registering precompiled user dll's ...
Registered in 0.000703 seconds.
Begin MonoManager ReloadAssembly
Native extension for WindowsStandalone target not found
Refreshing native plugins compatible for Editor in 0.26 ms, found 0 plugins.
Preloading 0 native plugins for Editor in 0.00 ms.
Invoked RoslynAnalysisRunner static constructor.
RoslynAnalysisRunner will not be running.
RoslynAnalysisRunner has terminated.
Mono: successfully reloaded assembly
- Completed reload, in  0.690 seconds
Platform modules already initialized, skipping
Refreshing native plugins compatible for Editor in 0.25 ms, found 0 plugins.
Preloading 0 native plugins for Editor in 0.00 ms.
Unloading 1120 Unused Serialized files (Serialized files now loaded: 0)
System memory in use before: 61.9 MB.
System memory in use after: 62.0 MB.

Unloading 4 unused Assets to reduce memory usage. Loaded Objects now: 1648.
Total: 2.938000 ms (FindLiveObjects: 0.551000 ms CreateObjectMapping: 0.172400 ms MarkObjects: 2.192600 ms  DeleteObjects: 0.018100 ms)

========================================================================
Received Prepare
Registering precompiled user dll's ...
Registered in 0.000713 seconds.
Begin MonoManager ReloadAssembly
Native extension for WindowsStandalone target not found
Refreshing native plugins compatible for Editor in 0.25 ms, found 0 plugins.
Preloading 0 native plugins for Editor in 0.00 ms.
Invoked RoslynAnalysisRunner static constructor.
RoslynAnalysisRunner will not be running.
RoslynAnalysisRunner has terminated.
Mono: successfully reloaded assembly
- Completed reload, in  0.722 seconds
Platform modules already initialized, skipping
Refreshing native plugins compatible for Editor in 0.25 ms, found 0 plugins.
Preloading 0 native plugins for Editor in 0.00 ms.
Unloading 1121 Unused Serialized files (Serialized files now loaded: 0)
System memory in use before: 61.9 MB.
System memory in use after: 62.0 MB.

Unloading 4 unused Assets to reduce memory usage. Loaded Objects now: 1652.
Total: 2.194100 ms (FindLiveObjects: 0.272800 ms CreateObjectMapping: 0.068700 ms MarkObjects: 1.830500 ms  DeleteObjects: 0.020100 ms)

========================================================================
Received Import Request.
  Time since last request: 624.034941 seconds.
  path: Assets/Scripts/Level.cs
  artifactKey: Guid(9905fc7f17518314aacf5526ab6f0a87) Importer(815301076,1909f56bfc062723c751e8b465ee728b)
Start importing Assets/Scripts/Level.cs using Guid(9905fc7f17518314aacf5526ab6f0a87) Importer(815301076,1909f56bfc062723c751e8b465ee728b)  -> (artifact id: 'c9e5d0d619f4021b43715e17ea509742') in 0.009456 seconds
  Import took 0.011955 seconds .

========================================================================
Received Import Request.
  Time since last request: 9.039981 seconds.
  path: Assets/Scripts/LevelControlScript.cs
  artifactKey: Guid(9905fc7f17518314aacf5526ab6f0a87) Importer(815301076,1909f56bfc062723c751e8b465ee728b)
Start importing Assets/Scripts/LevelControlScript.cs using Guid(9905fc7f17518314aacf5526ab6f0a87) Importer(815301076,1909f56bfc062723c751e8b465ee728b)  -> (artifact id: 'ee1ebf4afe21e007abe8f40f6d403cfd') in 0.007575 seconds
  Import took 0.009580 seconds .

========================================================================
Received Prepare
Registering precompiled user dll's ...
Registered in 0.000708 seconds.
Begin MonoManager ReloadAssembly
Native extension for WindowsStandalone target not found
Refreshing native plugins compatible for Editor in 0.25 ms, found 0 plugins.
Preloading 0 native plugins for Editor in 0.00 ms.
Invoked RoslynAnalysisRunner static constructor.
RoslynAnalysisRunner will not be running.
RoslynAnalysisRunner has terminated.
Mono: successfully reloaded assembly
- Completed reload, in  0.685 seconds
Platform modules already initialized, skipping
Refreshing native plugins compatible for Editor in 0.25 ms, found 0 plugins.
Preloading 0 native plugins for Editor in 0.00 ms.
Unloading 1121 Unused Serialized files (Serialized files now loaded: 0)
System memory in use before: 61.9 MB.
System memory in use after: 62.0 MB.

Unloading 4 unused Assets to reduce memory usage. Loaded Objects now: 1655.
Total: 2.547400 ms (FindLiveObjects: 0.232300 ms CreateObjectMapping: 0.052800 ms MarkObjects: 2.240600 ms  DeleteObjects: 0.020000 ms)

========================================================================
Received Import Request.
  Time since last request: 592.887369 seconds.
  path: Assets/Scripts/LevelControlScript.cs
  artifactKey: Guid(9905fc7f17518314aacf5526ab6f0a87) Importer(815301076,1909f56bfc062723c751e8b465ee728b)
Start importing Assets/Scripts/LevelControlScript.cs using Guid(9905fc7f17518314aacf5526ab6f0a87) Importer(815301076,1909f56bfc062723c751e8b465ee728b)  -> (artifact id: '8599a31acb02e51a94e103252afc748e') in 0.008784 seconds
  Import took 0.012403 seconds .

========================================================================
Received Import Request.
  Time since last request: 42.236834 seconds.
  path: Assets/Scripts/LevelControlScript.cs
  artifactKey: Guid(9905fc7f17518314aacf5526ab6f0a87) Importer(815301076,1909f56bfc062723c751e8b465ee728b)
Start importing Assets/Scripts/LevelControlScript.cs using Guid(9905fc7f17518314aacf5526ab6f0a87) Importer(815301076,1909f56bfc062723c751e8b465ee728b)  -> (artifact id: '816e3269e07f8a42004e3cc11ad3ac9a') in 0.002291 seconds
  Import took 0.004797 seconds .

========================================================================
Received Import Request.
  Time since last request: 422.913163 seconds.
  path: Assets/Scripts/LevelNumber.cs
  artifactKey: Guid(969940a096acb3a4ba7f5514c6c4769a) Importer(815301076,1909f56bfc062723c751e8b465ee728b)
Start importing Assets/Scripts/LevelNumber.cs using Guid(969940a096acb3a4ba7f5514c6c4769a) Importer(815301076,1909f56bfc062723c751e8b465ee728b)  -> (artifact id: '7572b272e92291764bd55212c8297dc2') in 0.003215 seconds
  Import took 0.049580 seconds .

========================================================================
Received Import Request.
  Time since last request: 349.335670 seconds.
  path: Assets/Scripts/EnemyController.cs
  artifactKey: Guid(a13fe57bfbf8b104193e475ceade1844) Importer(815301076,1909f56bfc062723c751e8b465ee728b)
Start importing Assets/Scripts/EnemyController.cs using Guid(a13fe57bfbf8b104193e475ceade1844) Importer(815301076,1909f56bfc062723c751e8b465ee728b)  -> (artifact id: 'fb9aa8c71f4ff6d5408396bf77b01744') in 0.008617 seconds
  Import took 0.011068 seconds .

========================================================================
Received Import Request.
  Time since last request: 0.002030 seconds.
  path: Assets/Scripts/EnemyController.cs
  artifactKey: Guid(a13fe57bfbf8b104193e475ceade1844) Importer(815301076,1909f56bfc062723c751e8b465ee728b)
Start importing Assets/Scripts/EnemyController.cs using Guid(a13fe57bfbf8b104193e475ceade1844) Importer(815301076,1909f56bfc062723c751e8b465ee728b)  -> (artifact id: 'fb9aa8c71f4ff6d5408396bf77b01744') in 0.003007 seconds
  Import took 0.005351 seconds .

========================================================================
Received Prepare
Registering precompiled user dll's ...
Registered in 0.000683 seconds.
Begin MonoManager ReloadAssembly
Native extension for WindowsStandalone target not found
Refreshing native plugins compatible for Editor in 0.25 ms, found 0 plugins.
Preloading 0 native plugins for Editor in 0.00 ms.
Invoked RoslynAnalysisRunner static constructor.
RoslynAnalysisRunner will not be running.
RoslynAnalysisRunner has terminated.
Mono: successfully reloaded assembly
- Completed reload, in  0.704 seconds
Platform modules already initialized, skipping
Refreshing native plugins compatible for Editor in 0.25 ms, found 0 plugins.
Preloading 0 native plugins for Editor in 0.00 ms.
Unloading 1120 Unused Serialized files (Serialized files now loaded: 0)
System memory in use before: 61.9 MB.
System memory in use after: 62.0 MB.

Unloading 5 unused Assets to reduce memory usage. Loaded Objects now: 1657.
Total: 2.104500 ms (FindLiveObjects: 0.240400 ms CreateObjectMapping: 0.055100 ms MarkObjects: 1.783800 ms  DeleteObjects: 0.023300 ms)

========================================================================
Received Import Request.
  Time since last request: 88.718754 seconds.
  path: Assets/Scripts/LevelControlScript.cs
  artifactKey: Guid(9905fc7f17518314aacf5526ab6f0a87) Importer(815301076,1909f56bfc062723c751e8b465ee728b)
Start importing Assets/Scripts/LevelControlScript.cs using Guid(9905fc7f17518314aacf5526ab6f0a87) Importer(815301076,1909f56bfc062723c751e8b465ee728b)  -> (artifact id: '562fbf83a75792541648fb61c19bcaf7') in 0.005750 seconds
  Import took 0.008547 seconds .

========================================================================
Received Import Request.
  Time since last request: 0.021137 seconds.
  path: Assets/Scripts/LevelControlScript.cs
  artifactKey: Guid(9905fc7f17518314aacf5526ab6f0a87) Importer(815301076,1909f56bfc062723c751e8b465ee728b)
Start importing Assets/Scripts/LevelControlScript.cs using Guid(9905fc7f17518314aacf5526ab6f0a87) Importer(815301076,1909f56bfc062723c751e8b465ee728b)  -> (artifact id: '562fbf83a75792541648fb61c19bcaf7') in 0.003379 seconds
  Import took 0.005780 seconds .

========================================================================
Received Prepare
Registering precompiled user dll's ...
Registered in 0.000693 seconds.
Begin MonoManager ReloadAssembly
Native extension for WindowsStandalone target not found
Refreshing native plugins compatible for Editor in 0.31 ms, found 0 plugins.
Preloading 0 native plugins for Editor in 0.00 ms.
Invoked RoslynAnalysisRunner static constructor.
RoslynAnalysisRunner will not be running.
RoslynAnalysisRunner has terminated.
Mono: successfully reloaded assembly
- Completed reload, in  0.702 seconds
Platform modules already initialized, skipping
Refreshing native plugins compatible for Editor in 0.26 ms, found 0 plugins.
Preloading 0 native plugins for Editor in 0.00 ms.
Unloading 1121 Unused Serialized files (Serialized files now loaded: 0)
System memory in use before: 62.0 MB.
System memory in use after: 62.1 MB.

Unloading 4 unused Assets to reduce memory usage. Loaded Objects now: 1661.
Total: 2.090000 ms (FindLiveObjects: 0.286600 ms CreateObjectMapping: 0.071900 ms MarkObjects: 1.712600 ms  DeleteObjects: 0.017000 ms)

========================================================================
Received Import Request.
  Time since last request: 25.110032 seconds.
  path: Assets/Scripts/LevelControlScript.cs
  artifactKey: Guid(9905fc7f17518314aacf5526ab6f0a87) Importer(815301076,1909f56bfc062723c751e8b465ee728b)
Start importing Assets/Scripts/LevelControlScript.cs using Guid(9905fc7f17518314aacf5526ab6f0a87) Importer(815301076,1909f56bfc062723c751e8b465ee728b)  -> (artifact id: '622a8059a209b333b179e8f09ee87019') in 0.007028 seconds
  Import took 0.021335 seconds .

========================================================================
Received Prepare
Registering precompiled user dll's ...
Registered in 0.000680 seconds.
Begin MonoManager ReloadAssembly
Native extension for WindowsStandalone target not found
Refreshing native plugins compatible for Editor in 0.25 ms, found 0 plugins.
Preloading 0 native plugins for Editor in 0.00 ms.
Invoked RoslynAnalysisRunner static constructor.
RoslynAnalysisRunner will not be running.
RoslynAnalysisRunner has terminated.
Mono: successfully reloaded assembly
- Completed reload, in  0.692 seconds
Platform modules already initialized, skipping
Refreshing native plugins compatible for Editor in 0.26 ms, found 0 plugins.
Preloading 0 native plugins for Editor in 0.00 ms.
Unloading 1121 Unused Serialized files (Serialized files now loaded: 0)
System memory in use before: 62.0 MB.
System memory in use after: 62.1 MB.

Unloading 4 unused Assets to reduce memory usage. Loaded Objects now: 1664.
Total: 1.939400 ms (FindLiveObjects: 0.240500 ms CreateObjectMapping: 0.052500 ms MarkObjects: 1.624600 ms  DeleteObjects: 0.019500 ms)

========================================================================
Received Import Request.
  Time since last request: 545.366645 seconds.
  path: Assets/Scripts/LevelControlScript.cs
  artifactKey: Guid(9905fc7f17518314aacf5526ab6f0a87) Importer(815301076,1909f56bfc062723c751e8b465ee728b)
Start importing Assets/Scripts/LevelControlScript.cs using Guid(9905fc7f17518314aacf5526ab6f0a87) Importer(815301076,1909f56bfc062723c751e8b465ee728b)  -> (artifact id: '55497fee9ddbddebda04bff33e48dae9') in 0.005343 seconds
  Import took 0.008937 seconds .

========================================================================
Received Prepare
Registering precompiled user dll's ...
Registered in 0.000691 seconds.
Begin MonoManager ReloadAssembly
Native extension for WindowsStandalone target not found
Refreshing native plugins compatible for Editor in 0.25 ms, found 0 plugins.
Preloading 0 native plugins for Editor in 0.00 ms.
Invoked RoslynAnalysisRunner static constructor.
RoslynAnalysisRunner will not be running.
RoslynAnalysisRunner has terminated.
Mono: successfully reloaded assembly
- Completed reload, in  0.705 seconds
Platform modules already initialized, skipping
Refreshing native plugins compatible for Editor in 0.28 ms, found 0 plugins.
Preloading 0 native plugins for Editor in 0.00 ms.
Unloading 1121 Unused Serialized files (Serialized files now loaded: 0)
System memory in use before: 62.0 MB.
System memory in use after: 62.1 MB.

Unloading 4 unused Assets to reduce memory usage. Loaded Objects now: 1667.
Total: 2.689400 ms (FindLiveObjects: 0.182000 ms CreateObjectMapping: 0.028000 ms MarkObjects: 2.459600 ms  DeleteObjects: 0.018700 ms)

========================================================================
Received Prepare
Registering precompiled user dll's ...
Registered in 0.000674 seconds.
Begin MonoManager ReloadAssembly
Native extension for WindowsStandalone target not found
Refreshing native plugins compatible for Editor in 0.25 ms, found 0 plugins.
Preloading 0 native plugins for Editor in 0.00 ms.
Invoked RoslynAnalysisRunner static constructor.
RoslynAnalysisRunner will not be running.
RoslynAnalysisRunner has terminated.
Mono: successfully reloaded assembly
- Completed reload, in  0.703 seconds
Platform modules already initialized, skipping
Refreshing native plugins compatible for Editor in 0.25 ms, found 0 plugins.
Preloading 0 native plugins for Editor in 0.00 ms.
Unloading 1121 Unused Serialized files (Serialized files now loaded: 0)
System memory in use before: 62.0 MB.
System memory in use after: 62.1 MB.

Unloading 4 unused Assets to reduce memory usage. Loaded Objects now: 1670.
Total: 2.565300 ms (FindLiveObjects: 0.289900 ms CreateObjectMapping: 0.068400 ms MarkObjects: 2.187200 ms  DeleteObjects: 0.016400 ms)

========================================================================
Received Prepare
Registering precompiled user dll's ...
Registered in 0.000717 seconds.
Begin MonoManager ReloadAssembly
Native extension for WindowsStandalone target not found
Refreshing native plugins compatible for Editor in 0.25 ms, found 0 plugins.
Preloading 0 native plugins for Editor in 0.00 ms.
Invoked RoslynAnalysisRunner static constructor.
RoslynAnalysisRunner will not be running.
RoslynAnalysisRunner has terminated.
Mono: successfully reloaded assembly
- Completed reload, in  0.696 seconds
Platform modules already initialized, skipping
Refreshing native plugins compatible for Editor in 0.31 ms, found 0 plugins.
Preloading 0 native plugins for Editor in 0.00 ms.
Unloading 1121 Unused Serialized files (Serialized files now loaded: 0)
System memory in use before: 62.0 MB.
System memory in use after: 62.1 MB.

Unloading 4 unused Assets to reduce memory usage. Loaded Objects now: 1673.
Total: 1.947900 ms (FindLiveObjects: 0.276100 ms CreateObjectMapping: 0.069400 ms MarkObjects: 1.582600 ms  DeleteObjects: 0.017600 ms)

========================================================================
Received Prepare
Registering precompiled user dll's ...
Registered in 0.000772 seconds.
Begin MonoManager ReloadAssembly
Native extension for WindowsStandalone target not found
Refreshing native plugins compatible for Editor in 0.25 ms, found 0 plugins.
Preloading 0 native plugins for Editor in 0.00 ms.
Invoked RoslynAnalysisRunner static constructor.
RoslynAnalysisRunner will not be running.
RoslynAnalysisRunner has terminated.
Mono: successfully reloaded assembly
- Completed reload, in  0.686 seconds
Platform modules already initialized, skipping
Refreshing native plugins compatible for Editor in 0.25 ms, found 0 plugins.
Preloading 0 native plugins for Editor in 0.00 ms.
Unloading 1121 Unused Serialized files (Serialized files now loaded: 0)
System memory in use before: 62.0 MB.
System memory in use after: 62.1 MB.

Unloading 4 unused Assets to reduce memory usage. Loaded Objects now: 1676.
Total: 2.019100 ms (FindLiveObjects: 0.360000 ms CreateObjectMapping: 0.085100 ms MarkObjects: 1.553700 ms  DeleteObjects: 0.018600 ms)

========================================================================
Received Import Request.
  Time since last request: 548.170534 seconds.
  path: Assets/Scripts/HealthScript.cs
  artifactKey: Guid(3fa694de60cadba43b063f1093ad0928) Importer(815301076,1909f56bfc062723c751e8b465ee728b)
Start importing Assets/Scripts/HealthScript.cs using Guid(3fa694de60cadba43b063f1093ad0928) Importer(815301076,1909f56bfc062723c751e8b465ee728b)  -> (artifact id: '42e65bf23a6e4bf813a61ed3d983310a') in 0.011455 seconds
  Import took 0.014852 seconds .

========================================================================
Received Prepare
Registering precompiled user dll's ...
Registered in 0.000708 seconds.
Begin MonoManager ReloadAssembly
Native extension for WindowsStandalone target not found
Refreshing native plugins compatible for Editor in 0.25 ms, found 0 plugins.
Preloading 0 native plugins for Editor in 0.00 ms.
Invoked RoslynAnalysisRunner static constructor.
RoslynAnalysisRunner will not be running.
RoslynAnalysisRunner has terminated.
Mono: successfully reloaded assembly
- Completed reload, in  0.695 seconds
Platform modules already initialized, skipping
Refreshing native plugins compatible for Editor in 0.26 ms, found 0 plugins.
Preloading 0 native plugins for Editor in 0.00 ms.
Unloading 1121 Unused Serialized files (Serialized files now loaded: 0)
System memory in use before: 62.0 MB.
System memory in use after: 62.1 MB.

Unloading 4 unused Assets to reduce memory usage. Loaded Objects now: 1679.
Total: 2.424500 ms (FindLiveObjects: 0.277000 ms CreateObjectMapping: 0.068300 ms MarkObjects: 2.059600 ms  DeleteObjects: 0.017800 ms)

========================================================================
Received Import Request.
  Time since last request: 134.089552 seconds.
  path: Assets/Scripts/HealthScript.cs
  artifactKey: Guid(3fa694de60cadba43b063f1093ad0928) Importer(815301076,1909f56bfc062723c751e8b465ee728b)
Start importing Assets/Scripts/HealthScript.cs using Guid(3fa694de60cadba43b063f1093ad0928) Importer(815301076,1909f56bfc062723c751e8b465ee728b)  -> (artifact id: '73cdb62092f6cdbd00d8f28362e8342b') in 0.004535 seconds
  Import took 0.008968 seconds .

========================================================================
Received Prepare
Registering precompiled user dll's ...
Registered in 0.000716 seconds.
Begin MonoManager ReloadAssembly
Native extension for WindowsStandalone target not found
Refreshing native plugins compatible for Editor in 0.25 ms, found 0 plugins.
Preloading 0 native plugins for Editor in 0.00 ms.
Invoked RoslynAnalysisRunner static constructor.
RoslynAnalysisRunner will not be running.
RoslynAnalysisRunner has terminated.
Mono: successfully reloaded assembly
- Completed reload, in  0.697 seconds
Platform modules already initialized, skipping
Refreshing native plugins compatible for Editor in 0.26 ms, found 0 plugins.
Preloading 0 native plugins for Editor in 0.00 ms.
Unloading 1121 Unused Serialized files (Serialized files now loaded: 0)
System memory in use before: 62.0 MB.
System memory in use after: 62.1 MB.

Unloading 4 unused Assets to reduce memory usage. Loaded Objects now: 1682.
Total: 2.797100 ms (FindLiveObjects: 0.285300 ms CreateObjectMapping: 0.093300 ms MarkObjects: 2.397600 ms  DeleteObjects: 0.018400 ms)

========================================================================
Received Prepare
Registering precompiled user dll's ...
Registered in 0.000814 seconds.
Begin MonoManager ReloadAssembly
Native extension for WindowsStandalone target not found
Refreshing native plugins compatible for Editor in 0.25 ms, found 0 plugins.
Preloading 0 native plugins for Editor in 0.00 ms.
Invoked RoslynAnalysisRunner static constructor.
RoslynAnalysisRunner will not be running.
RoslynAnalysisRunner has terminated.
Mono: successfully reloaded assembly
- Completed reload, in  0.684 seconds
Platform modules already initialized, skipping
Refreshing native plugins compatible for Editor in 0.25 ms, found 0 plugins.
Preloading 0 native plugins for Editor in 0.00 ms.
Unloading 1121 Unused Serialized files (Serialized files now loaded: 0)
System memory in use before: 62.0 MB.
System memory in use after: 62.1 MB.

Unloading 4 unused Assets to reduce memory usage. Loaded Objects now: 1685.
Total: 2.032200 ms (FindLiveObjects: 0.238800 ms CreateObjectMapping: 0.053300 ms MarkObjects: 1.718900 ms  DeleteObjects: 0.018400 ms)

========================================================================
Received Import Request.
  Time since last request: 461.686645 seconds.
  path: Assets/Scripts/HealthScript.cs
  artifactKey: Guid(3fa694de60cadba43b063f1093ad0928) Importer(815301076,1909f56bfc062723c751e8b465ee728b)
Start importing Assets/Scripts/HealthScript.cs using Guid(3fa694de60cadba43b063f1093ad0928) Importer(815301076,1909f56bfc062723c751e8b465ee728b)  -> (artifact id: 'b42c7c2f524243144855c62f810605c5') in 0.004805 seconds
  Import took 0.006879 seconds .

========================================================================
Received Prepare
Registering precompiled user dll's ...
Registered in 0.000650 seconds.
Begin MonoManager ReloadAssembly
Native extension for WindowsStandalone target not found
Refreshing native plugins compatible for Editor in 0.26 ms, found 0 plugins.
Preloading 0 native plugins for Editor in 0.00 ms.
Invoked RoslynAnalysisRunner static constructor.
RoslynAnalysisRunner will not be running.
RoslynAnalysisRunner has terminated.
Mono: successfully reloaded assembly
- Completed reload, in  0.723 seconds
Platform modules already initialized, skipping
Refreshing native plugins compatible for Editor in 0.28 ms, found 0 plugins.
Preloading 0 native plugins for Editor in 0.00 ms.
Unloading 1121 Unused Serialized files (Serialized files now loaded: 0)
System memory in use before: 62.0 MB.
System memory in use after: 62.1 MB.

Unloading 4 unused Assets to reduce memory usage. Loaded Objects now: 1688.
Total: 2.131700 ms (FindLiveObjects: 0.179200 ms CreateObjectMapping: 0.028300 ms MarkObjects: 1.900500 ms  DeleteObjects: 0.021800 ms)

========================================================================
Received Import Request.
  Time since last request: 46.627749 seconds.
  path: Assets/Scripts/HealthScript.cs
  artifactKey: Guid(3fa694de60cadba43b063f1093ad0928) Importer(815301076,1909f56bfc062723c751e8b465ee728b)
Start importing Assets/Scripts/HealthScript.cs using Guid(3fa694de60cadba43b063f1093ad0928) Importer(815301076,1909f56bfc062723c751e8b465ee728b)  -> (artifact id: 'c8abc1b2ae06289d9f6f50206be5c399') in 0.004872 seconds
  Import took 0.008163 seconds .

========================================================================
Received Prepare
Registering precompiled user dll's ...
Registered in 0.000820 seconds.
Begin MonoManager ReloadAssembly
Native extension for WindowsStandalone target not found
Refreshing native plugins compatible for Editor in 0.61 ms, found 0 plugins.
Preloading 0 native plugins for Editor in 0.00 ms.
Invoked RoslynAnalysisRunner static constructor.
RoslynAnalysisRunner will not be running.
RoslynAnalysisRunner has terminated.
Mono: successfully reloaded assembly
- Completed reload, in  0.974 seconds
Platform modules already initialized, skipping
Refreshing native plugins compatible for Editor in 0.29 ms, found 0 plugins.
Preloading 0 native plugins for Editor in 0.00 ms.
Unloading 1121 Unused Serialized files (Serialized files now loaded: 0)
System memory in use before: 62.0 MB.
System memory in use after: 62.1 MB.

Unloading 4 unused Assets to reduce memory usage. Loaded Objects now: 1691.
Total: 4.018300 ms (FindLiveObjects: 0.532300 ms CreateObjectMapping: 0.054800 ms MarkObjects: 3.408000 ms  DeleteObjects: 0.021000 ms)

========================================================================
Received Prepare
Registering precompiled user dll's ...
Registered in 0.000650 seconds.
Begin MonoManager ReloadAssembly
Native extension for WindowsStandalone target not found
Refreshing native plugins compatible for Editor in 0.44 ms, found 0 plugins.
Preloading 0 native plugins for Editor in 0.00 ms.
Invoked RoslynAnalysisRunner static constructor.
RoslynAnalysisRunner will not be running.
RoslynAnalysisRunner has terminated.
Mono: successfully reloaded assembly
- Completed reload, in  0.808 seconds
Platform modules already initialized, skipping
Refreshing native plugins compatible for Editor in 0.30 ms, found 0 plugins.
Preloading 0 native plugins for Editor in 0.00 ms.
Unloading 1121 Unused Serialized files (Serialized files now loaded: 0)
System memory in use before: 62.0 MB.
System memory in use after: 62.1 MB.

Unloading 4 unused Assets to reduce memory usage. Loaded Objects now: 1694.
Total: 3.264900 ms (FindLiveObjects: 0.613000 ms CreateObjectMapping: 0.076600 ms MarkObjects: 2.554500 ms  DeleteObjects: 0.018200 ms)

========================================================================
Received Import Request.
  Time since last request: 738.524524 seconds.
  path: Assets/Scripts/HealthScript.cs
  artifactKey: Guid(3fa694de60cadba43b063f1093ad0928) Importer(815301076,1909f56bfc062723c751e8b465ee728b)
Start importing Assets/Scripts/HealthScript.cs using Guid(3fa694de60cadba43b063f1093ad0928) Importer(815301076,1909f56bfc062723c751e8b465ee728b)  -> (artifact id: '59dca72922b36d13506b01dd9aee5cb8') in 0.008013 seconds
  Import took 0.012454 seconds .

========================================================================
Received Prepare
Registering precompiled user dll's ...
Registered in 0.000709 seconds.
Begin MonoManager ReloadAssembly
Native extension for WindowsStandalone target not found
Refreshing native plugins compatible for Editor in 0.27 ms, found 0 plugins.
Preloading 0 native plugins for Editor in 0.00 ms.
Invoked RoslynAnalysisRunner static constructor.
RoslynAnalysisRunner will not be running.
RoslynAnalysisRunner has terminated.
Mono: successfully reloaded assembly
- Completed reload, in  0.748 seconds
Platform modules already initialized, skipping
Refreshing native plugins compatible for Editor in 0.28 ms, found 0 plugins.
Preloading 0 native plugins for Editor in 0.00 ms.
Unloading 1121 Unused Serialized files (Serialized files now loaded: 0)
System memory in use before: 62.0 MB.
System memory in use after: 62.1 MB.

Unloading 4 unused Assets to reduce memory usage. Loaded Objects now: 1697.
Total: 2.814700 ms (FindLiveObjects: 0.280800 ms CreateObjectMapping: 0.054100 ms MarkObjects: 2.437500 ms  DeleteObjects: 0.040600 ms)

========================================================================
Received Prepare
Registering precompiled user dll's ...
Registered in 0.000656 seconds.
Begin MonoManager ReloadAssembly
Native extension for WindowsStandalone target not found
Refreshing native plugins compatible for Editor in 0.25 ms, found 0 plugins.
Preloading 0 native plugins for Editor in 0.00 ms.
Invoked RoslynAnalysisRunner static constructor.
RoslynAnalysisRunner will not be running.
RoslynAnalysisRunner has terminated.
Mono: successfully reloaded assembly
- Completed reload, in  0.695 seconds
Platform modules already initialized, skipping
Refreshing native plugins compatible for Editor in 0.26 ms, found 0 plugins.
Preloading 0 native plugins for Editor in 0.00 ms.
Unloading 1121 Unused Serialized files (Serialized files now loaded: 0)
System memory in use before: 62.0 MB.
System memory in use after: 62.1 MB.

Unloading 4 unused Assets to reduce memory usage. Loaded Objects now: 1700.
Total: 2.708400 ms (FindLiveObjects: 0.223200 ms CreateObjectMapping: 0.031000 ms MarkObjects: 2.434600 ms  DeleteObjects: 0.018100 ms)

========================================================================
Received Prepare
Registering precompiled user dll's ...
Registered in 0.001104 seconds.
Begin MonoManager ReloadAssembly
Native extension for WindowsStandalone target not found
Refreshing native plugins compatible for Editor in 0.26 ms, found 0 plugins.
Preloading 0 native plugins for Editor in 0.00 ms.
Invoked RoslynAnalysisRunner static constructor.
RoslynAnalysisRunner will not be running.
RoslynAnalysisRunner has terminated.
Mono: successfully reloaded assembly
- Completed reload, in  0.702 seconds
Platform modules already initialized, skipping
Refreshing native plugins compatible for Editor in 0.25 ms, found 0 plugins.
Preloading 0 native plugins for Editor in 0.00 ms.
Unloading 1121 Unused Serialized files (Serialized files now loaded: 0)
System memory in use before: 62.0 MB.
System memory in use after: 62.1 MB.

Unloading 4 unused Assets to reduce memory usage. Loaded Objects now: 1703.
Total: 2.496700 ms (FindLiveObjects: 0.363500 ms CreateObjectMapping: 0.085800 ms MarkObjects: 2.027700 ms  DeleteObjects: 0.017600 ms)

========================================================================
Received Prepare
Registering precompiled user dll's ...
Registered in 0.000745 seconds.
Begin MonoManager ReloadAssembly
Native extension for WindowsStandalone target not found
Refreshing native plugins compatible for Editor in 0.26 ms, found 0 plugins.
Preloading 0 native plugins for Editor in 0.00 ms.
Invoked RoslynAnalysisRunner static constructor.
RoslynAnalysisRunner will not be running.
RoslynAnalysisRunner has terminated.
Mono: successfully reloaded assembly
- Completed reload, in  0.698 seconds
Platform modules already initialized, skipping
Refreshing native plugins compatible for Editor in 0.25 ms, found 0 plugins.
Preloading 0 native plugins for Editor in 0.00 ms.
Unloading 1121 Unused Serialized files (Serialized files now loaded: 0)
System memory in use before: 62.0 MB.
System memory in use after: 62.1 MB.

Unloading 4 unused Assets to reduce memory usage. Loaded Objects now: 1706.
Total: 1.752000 ms (FindLiveObjects: 0.186800 ms CreateObjectMapping: 0.027300 ms MarkObjects: 1.517100 ms  DeleteObjects: 0.019700 ms)

========================================================================
Received Import Request.
  Time since last request: 402.274599 seconds.
  path: Assets/Scripts/LevelControlScript.cs
  artifactKey: Guid(9905fc7f17518314aacf5526ab6f0a87) Importer(815301076,1909f56bfc062723c751e8b465ee728b)
Start importing Assets/Scripts/LevelControlScript.cs using Guid(9905fc7f17518314aacf5526ab6f0a87) Importer(815301076,1909f56bfc062723c751e8b465ee728b)  -> (artifact id: '0244b5b5abb32d3e00d18871abebc648') in 0.009368 seconds
  Import took 0.011709 seconds .

========================================================================
Received Prepare
Registering precompiled user dll's ...
Registered in 0.000718 seconds.
Begin MonoManager ReloadAssembly
Native extension for WindowsStandalone target not found
Refreshing native plugins compatible for Editor in 0.25 ms, found 0 plugins.
Preloading 0 native plugins for Editor in 0.00 ms.
Invoked RoslynAnalysisRunner static constructor.
RoslynAnalysisRunner will not be running.
RoslynAnalysisRunner has terminated.
Mono: successfully reloaded assembly
- Completed reload, in  0.717 seconds
Platform modules already initialized, skipping
Refreshing native plugins compatible for Editor in 0.27 ms, found 0 plugins.
Preloading 0 native plugins for Editor in 0.00 ms.
Unloading 1121 Unused Serialized files (Serialized files now loaded: 0)
System memory in use before: 62.0 MB.
System memory in use after: 62.1 MB.

Unloading 4 unused Assets to reduce memory usage. Loaded Objects now: 1709.
Total: 2.583600 ms (FindLiveObjects: 0.339100 ms CreateObjectMapping: 0.091500 ms MarkObjects: 2.132200 ms  DeleteObjects: 0.019100 ms)

========================================================================
Received Prepare
Registering precompiled user dll's ...
Registered in 0.000819 seconds.
Begin MonoManager ReloadAssembly
Native extension for WindowsStandalone target not found
Refreshing native plugins compatible for Editor in 0.26 ms, found 0 plugins.
Preloading 0 native plugins for Editor in 0.00 ms.
Invoked RoslynAnalysisRunner static constructor.
RoslynAnalysisRunner will not be running.
RoslynAnalysisRunner has terminated.
Mono: successfully reloaded assembly
- Completed reload, in  0.747 seconds
Platform modules already initialized, skipping
Refreshing native plugins compatible for Editor in 0.25 ms, found 0 plugins.
Preloading 0 native plugins for Editor in 0.00 ms.
Unloading 1121 Unused Serialized files (Serialized files now loaded: 0)
System memory in use before: 62.0 MB.
System memory in use after: 62.2 MB.

Unloading 4 unused Assets to reduce memory usage. Loaded Objects now: 1712.
Total: 2.386100 ms (FindLiveObjects: 0.187300 ms CreateObjectMapping: 0.027700 ms MarkObjects: 2.150900 ms  DeleteObjects: 0.018600 ms)

========================================================================
Received Prepare
Registering precompiled user dll's ...
Registered in 0.001083 seconds.
Begin MonoManager ReloadAssembly
Native extension for WindowsStandalone target not found
Refreshing native plugins compatible for Editor in 0.25 ms, found 0 plugins.
Preloading 0 native plugins for Editor in 0.00 ms.
Invoked RoslynAnalysisRunner static constructor.
RoslynAnalysisRunner will not be running.
RoslynAnalysisRunner has terminated.
Mono: successfully reloaded assembly
- Completed reload, in  0.715 seconds
Platform modules already initialized, skipping
Refreshing native plugins compatible for Editor in 0.25 ms, found 0 plugins.
Preloading 0 native plugins for Editor in 0.00 ms.
Unloading 1121 Unused Serialized files (Serialized files now loaded: 0)
System memory in use before: 62.1 MB.
System memory in use after: 62.2 MB.

Unloading 4 unused Assets to reduce memory usage. Loaded Objects now: 1715.
Total: 2.662500 ms (FindLiveObjects: 0.282700 ms CreateObjectMapping: 0.076400 ms MarkObjects: 2.281300 ms  DeleteObjects: 0.019700 ms)

========================================================================
Received Prepare
Registering precompiled user dll's ...
Registered in 0.000794 seconds.
Begin MonoManager ReloadAssembly
Native extension for WindowsStandalone target not found
Refreshing native plugins compatible for Editor in 0.25 ms, found 0 plugins.
Preloading 0 native plugins for Editor in 0.00 ms.
Invoked RoslynAnalysisRunner static constructor.
RoslynAnalysisRunner will not be running.
RoslynAnalysisRunner has terminated.
Mono: successfully reloaded assembly
- Completed reload, in  0.728 seconds
Platform modules already initialized, skipping
Refreshing native plugins compatible for Editor in 0.28 ms, found 0 plugins.
Preloading 0 native plugins for Editor in 0.00 ms.
Unloading 1121 Unused Serialized files (Serialized files now loaded: 0)
System memory in use before: 62.1 MB.
System memory in use after: 62.2 MB.

Unloading 4 unused Assets to reduce memory usage. Loaded Objects now: 1718.
Total: 2.662500 ms (FindLiveObjects: 0.294200 ms CreateObjectMapping: 0.077300 ms MarkObjects: 2.275200 ms  DeleteObjects: 0.014000 ms)

========================================================================
Received Prepare
Registering precompiled user dll's ...
Registered in 0.000891 seconds.
Begin MonoManager ReloadAssembly
Native extension for WindowsStandalone target not found
Refreshing native plugins compatible for Editor in 0.25 ms, found 0 plugins.
Preloading 0 native plugins for Editor in 0.00 ms.
Invoked RoslynAnalysisRunner static constructor.
RoslynAnalysisRunner will not be running.
RoslynAnalysisRunner has terminated.
Mono: successfully reloaded assembly
- Completed reload, in  0.721 seconds
Platform modules already initialized, skipping
Refreshing native plugins compatible for Editor in 0.35 ms, found 0 plugins.
Preloading 0 native plugins for Editor in 0.00 ms.
Unloading 1121 Unused Serialized files (Serialized files now loaded: 0)
System memory in use before: 62.1 MB.
System memory in use after: 62.2 MB.

Unloading 4 unused Assets to reduce memory usage. Loaded Objects now: 1721.
Total: 1.801400 ms (FindLiveObjects: 0.229500 ms CreateObjectMapping: 0.032100 ms MarkObjects: 1.519500 ms  DeleteObjects: 0.018800 ms)

AssetImportWorkerClient::OnTransportError - code=2 error=End of file
